{"/Users/Paula/Desktop/stockee/stockee-front/src/assets/logoPositive.svg": {"path":"/Users/Paula/Desktop/stockee/stockee-front/src/assets/logoPositive.svg","statementMap":{},"fnMap":{},"branchMap":{},"s":{},"f":{},"b":{},"meta":{"lastBranch":0,"lastFunction":0,"lastStatement":0,"seen":{}}}
,"/Users/Paula/Desktop/stockee/stockee-front/src/components/addIngredientModal/AddIngredientModal.css": {"path":"/Users/Paula/Desktop/stockee/stockee-front/src/components/addIngredientModal/AddIngredientModal.css","statementMap":{},"fnMap":{},"branchMap":{},"s":{},"f":{},"b":{},"meta":{"lastBranch":0,"lastFunction":0,"lastStatement":0,"seen":{}}}
,"/Users/Paula/Desktop/stockee/stockee-front/src/components/addIngredientModal/AddIngredientModal.jsx": {"path":"/Users/Paula/Desktop/stockee/stockee-front/src/components/addIngredientModal/AddIngredientModal.jsx","statementMap":{"0":{"start":{"line":9,"column":27},"end":{"line":303,"column":null}},"1":{"start":{"line":10,"column":30},"end":{"line":16,"column":null}},"2":{"start":{"line":17,"column":26},"end":{"line":17,"column":null}},"3":{"start":{"line":18,"column":32},"end":{"line":18,"column":null}},"4":{"start":{"line":20,"column":2},"end":{"line":40,"column":null}},"5":{"start":{"line":21,"column":4},"end":{"line":39,"column":null}},"6":{"start":{"line":22,"column":6},"end":{"line":29,"column":null}},"7":{"start":{"line":32,"column":6},"end":{"line":38,"column":null}},"8":{"start":{"line":42,"column":17},"end":{"line":49,"column":null}},"9":{"start":{"line":51,"column":27},"end":{"line":61,"column":null}},"10":{"start":{"line":63,"column":23},"end":{"line":77,"column":null}},"11":{"start":{"line":63,"column":34},"end":{"line":77,"column":null}},"12":{"start":{"line":64,"column":18},"end":{"line":64,"column":null}},"13":{"start":{"line":65,"column":4},"end":{"line":68,"column":null}},"14":{"start":{"line":65,"column":25},"end":{"line":68,"column":6}},"15":{"start":{"line":71,"column":4},"end":{"line":76,"column":null}},"16":{"start":{"line":72,"column":6},"end":{"line":75,"column":null}},"17":{"start":{"line":72,"column":25},"end":{"line":75,"column":8}},"18":{"start":{"line":79,"column":23},"end":{"line":104,"column":null}},"19":{"start":{"line":80,"column":22},"end":{"line":80,"column":null}},"20":{"start":{"line":82,"column":4},"end":{"line":84,"column":null}},"21":{"start":{"line":83,"column":6},"end":{"line":83,"column":null}},"22":{"start":{"line":86,"column":4},"end":{"line":90,"column":null}},"23":{"start":{"line":87,"column":6},"end":{"line":87,"column":null}},"24":{"start":{"line":88,"column":4},"end":{"line":90,"column":null}},"25":{"start":{"line":89,"column":6},"end":{"line":89,"column":null}},"26":{"start":{"line":92,"column":4},"end":{"line":96,"column":null}},"27":{"start":{"line":93,"column":6},"end":{"line":93,"column":null}},"28":{"start":{"line":94,"column":4},"end":{"line":96,"column":null}},"29":{"start":{"line":95,"column":6},"end":{"line":95,"column":null}},"30":{"start":{"line":98,"column":4},"end":{"line":100,"column":null}},"31":{"start":{"line":99,"column":6},"end":{"line":99,"column":null}},"32":{"start":{"line":102,"column":4},"end":{"line":102,"column":null}},"33":{"start":{"line":103,"column":4},"end":{"line":103,"column":null}},"34":{"start":{"line":106,"column":23},"end":{"line":148,"column":null}},"35":{"start":{"line":107,"column":4},"end":{"line":107,"column":null}},"36":{"start":{"line":109,"column":4},"end":{"line":109,"column":null}},"37":{"start":{"line":109,"column":25},"end":{"line":109,"column":null}},"38":{"start":{"line":111,"column":4},"end":{"line":111,"column":null}},"39":{"start":{"line":113,"column":4},"end":{"line":147,"column":null}},"40":{"start":{"line":114,"column":29},"end":{"line":121,"column":null}},"41":{"start":{"line":123,"column":6},"end":{"line":123,"column":null}},"42":{"start":{"line":125,"column":6},"end":{"line":125,"column":null}},"43":{"start":{"line":130,"column":6},"end":{"line":130,"column":null}},"44":{"start":{"line":131,"column":25},"end":{"line":131,"column":null}},"45":{"start":{"line":133,"column":6},"end":{"line":142,"column":null}},"46":{"start":{"line":135,"column":8},"end":{"line":135,"column":null}},"47":{"start":{"line":136,"column":6},"end":{"line":142,"column":null}},"48":{"start":{"line":138,"column":8},"end":{"line":138,"column":null}},"49":{"start":{"line":141,"column":8},"end":{"line":141,"column":null}},"50":{"start":{"line":144,"column":6},"end":{"line":144,"column":null}},"51":{"start":{"line":146,"column":6},"end":{"line":146,"column":null}},"52":{"start":{"line":150,"column":22},"end":{"line":162,"column":null}},"53":{"start":{"line":151,"column":4},"end":{"line":161,"column":null}},"54":{"start":{"line":153,"column":6},"end":{"line":158,"column":null}},"55":{"start":{"line":159,"column":6},"end":{"line":159,"column":null}},"56":{"start":{"line":160,"column":6},"end":{"line":160,"column":null}},"57":{"start":{"line":164,"column":2},"end":{"line":164,"column":null}},"58":{"start":{"line":164,"column":15},"end":{"line":164,"column":null}},"59":{"start":{"line":166,"column":20},"end":{"line":166,"column":null}},"60":{"start":{"line":168,"column":2},"end":{"line":301,"column":null}},"61":{"start":{"line":170,"column":55},"end":{"line":170,"column":null}},"62":{"start":{"line":246,"column":16},"end":{"line":248,"column":null}},"63":{"start":{"line":264,"column":16},"end":{"line":266,"column":null}}},"fnMap":{"0":{"name":"(anonymous_0)","decl":{"start":{"line":9,"column":27},"end":{"line":9,"column":28}},"loc":{"start":{"line":9,"column":75},"end":{"line":303,"column":null}},"line":9},"1":{"name":"(anonymous_1)","decl":{"start":{"line":20,"column":12},"end":{"line":20,"column":18}},"loc":{"start":{"line":20,"column":18},"end":{"line":40,"column":5}},"line":20},"2":{"name":"(anonymous_2)","decl":{"start":{"line":63,"column":23},"end":{"line":63,"column":24}},"loc":{"start":{"line":63,"column":34},"end":{"line":77,"column":null}},"line":63},"3":{"name":"(anonymous_3)","decl":{"start":{"line":63,"column":34},"end":{"line":63,"column":35}},"loc":{"start":{"line":63,"column":41},"end":{"line":77,"column":null}},"line":63},"4":{"name":"(anonymous_4)","decl":{"start":{"line":65,"column":16},"end":{"line":65,"column":25}},"loc":{"start":{"line":65,"column":25},"end":{"line":68,"column":6}},"line":65},"5":{"name":"(anonymous_5)","decl":{"start":{"line":72,"column":16},"end":{"line":72,"column":25}},"loc":{"start":{"line":72,"column":25},"end":{"line":75,"column":8}},"line":72},"6":{"name":"(anonymous_6)","decl":{"start":{"line":79,"column":23},"end":{"line":79,"column":29}},"loc":{"start":{"line":79,"column":29},"end":{"line":104,"column":null}},"line":79},"7":{"name":"(anonymous_7)","decl":{"start":{"line":106,"column":23},"end":{"line":106,"column":30}},"loc":{"start":{"line":106,"column":36},"end":{"line":148,"column":null}},"line":106},"8":{"name":"(anonymous_8)","decl":{"start":{"line":150,"column":22},"end":{"line":150,"column":28}},"loc":{"start":{"line":150,"column":28},"end":{"line":162,"column":null}},"line":150},"9":{"name":"(anonymous_9)","decl":{"start":{"line":170,"column":48},"end":{"line":170,"column":49}},"loc":{"start":{"line":170,"column":55},"end":{"line":170,"column":null}},"line":170},"10":{"name":"(anonymous_10)","decl":{"start":{"line":245,"column":26},"end":{"line":245,"column":null}},"loc":{"start":{"line":246,"column":16},"end":{"line":248,"column":null}},"line":246},"11":{"name":"(anonymous_11)","decl":{"start":{"line":263,"column":36},"end":{"line":263,"column":null}},"loc":{"start":{"line":264,"column":16},"end":{"line":266,"column":null}},"line":264}},"branchMap":{"0":{"loc":{"start":{"line":21,"column":4},"end":{"line":39,"column":null}},"type":"if","locations":[{"start":{"line":21,"column":4},"end":{"line":39,"column":null}},{"start":{"line":30,"column":11},"end":{"line":39,"column":null}}],"line":21},"1":{"loc":{"start":{"line":24,"column":14},"end":{"line":24,"column":null}},"type":"binary-expr","locations":[{"start":{"line":24,"column":14},"end":{"line":24,"column":34}},{"start":{"line":24,"column":34},"end":{"line":24,"column":null}}],"line":24},"2":{"loc":{"start":{"line":25,"column":22},"end":{"line":25,"column":null}},"type":"binary-expr","locations":[{"start":{"line":25,"column":22},"end":{"line":25,"column":50}},{"start":{"line":25,"column":50},"end":{"line":25,"column":null}}],"line":25},"3":{"loc":{"start":{"line":26,"column":22},"end":{"line":26,"column":null}},"type":"binary-expr","locations":[{"start":{"line":26,"column":22},"end":{"line":26,"column":50}},{"start":{"line":26,"column":50},"end":{"line":26,"column":null}}],"line":26},"4":{"loc":{"start":{"line":27,"column":14},"end":{"line":27,"column":null}},"type":"binary-expr","locations":[{"start":{"line":27,"column":14},"end":{"line":27,"column":34}},{"start":{"line":27,"column":34},"end":{"line":27,"column":null}}],"line":27},"5":{"loc":{"start":{"line":28,"column":23},"end":{"line":28,"column":null}},"type":"binary-expr","locations":[{"start":{"line":28,"column":23},"end":{"line":28,"column":52}},{"start":{"line":28,"column":52},"end":{"line":28,"column":null}}],"line":28},"6":{"loc":{"start":{"line":71,"column":4},"end":{"line":76,"column":null}},"type":"if","locations":[{"start":{"line":71,"column":4},"end":{"line":76,"column":null}},{"start":{},"end":{}}],"line":71},"7":{"loc":{"start":{"line":82,"column":4},"end":{"line":84,"column":null}},"type":"if","locations":[{"start":{"line":82,"column":4},"end":{"line":84,"column":null}},{"start":{},"end":{}}],"line":82},"8":{"loc":{"start":{"line":86,"column":4},"end":{"line":90,"column":null}},"type":"if","locations":[{"start":{"line":86,"column":4},"end":{"line":90,"column":null}},{"start":{"line":88,"column":4},"end":{"line":90,"column":null}}],"line":86},"9":{"loc":{"start":{"line":88,"column":4},"end":{"line":90,"column":null}},"type":"if","locations":[{"start":{"line":88,"column":4},"end":{"line":90,"column":null}},{"start":{},"end":{}}],"line":88},"10":{"loc":{"start":{"line":88,"column":15},"end":{"line":88,"column":86}},"type":"binary-expr","locations":[{"start":{"line":88,"column":15},"end":{"line":88,"column":47}},{"start":{"line":88,"column":47},"end":{"line":88,"column":86}}],"line":88},"11":{"loc":{"start":{"line":92,"column":4},"end":{"line":96,"column":null}},"type":"if","locations":[{"start":{"line":92,"column":4},"end":{"line":96,"column":null}},{"start":{"line":94,"column":4},"end":{"line":96,"column":null}}],"line":92},"12":{"loc":{"start":{"line":94,"column":4},"end":{"line":96,"column":null}},"type":"if","locations":[{"start":{"line":94,"column":4},"end":{"line":96,"column":null}},{"start":{},"end":{}}],"line":94},"13":{"loc":{"start":{"line":94,"column":15},"end":{"line":94,"column":86}},"type":"binary-expr","locations":[{"start":{"line":94,"column":15},"end":{"line":94,"column":47}},{"start":{"line":94,"column":47},"end":{"line":94,"column":86}}],"line":94},"14":{"loc":{"start":{"line":98,"column":4},"end":{"line":100,"column":null}},"type":"if","locations":[{"start":{"line":98,"column":4},"end":{"line":100,"column":null}},{"start":{},"end":{}}],"line":98},"15":{"loc":{"start":{"line":109,"column":4},"end":{"line":109,"column":null}},"type":"if","locations":[{"start":{"line":109,"column":4},"end":{"line":109,"column":null}},{"start":{},"end":{}}],"line":109},"16":{"loc":{"start":{"line":115,"column":12},"end":{"line":115,"column":null}},"type":"binary-expr","locations":[{"start":{"line":115,"column":12},"end":{"line":115,"column":27}},{"start":{"line":115,"column":27},"end":{"line":115,"column":null}}],"line":115},"17":{"loc":{"start":{"line":133,"column":6},"end":{"line":142,"column":null}},"type":"if","locations":[{"start":{"line":133,"column":6},"end":{"line":142,"column":null}},{"start":{"line":136,"column":6},"end":{"line":142,"column":null}}],"line":133},"18":{"loc":{"start":{"line":135,"column":23},"end":{"line":135,"column":null}},"type":"binary-expr","locations":[{"start":{"line":135,"column":23},"end":{"line":135,"column":55}},{"start":{"line":135,"column":55},"end":{"line":135,"column":85}},{"start":{"line":135,"column":85},"end":{"line":135,"column":null}}],"line":135},"19":{"loc":{"start":{"line":136,"column":6},"end":{"line":142,"column":null}},"type":"if","locations":[{"start":{"line":136,"column":6},"end":{"line":142,"column":null}},{"start":{"line":139,"column":13},"end":{"line":142,"column":null}}],"line":136},"20":{"loc":{"start":{"line":141,"column":23},"end":{"line":141,"column":null}},"type":"binary-expr","locations":[{"start":{"line":141,"column":23},"end":{"line":141,"column":40}},{"start":{"line":141,"column":40},"end":{"line":141,"column":null}}],"line":141},"21":{"loc":{"start":{"line":151,"column":4},"end":{"line":161,"column":null}},"type":"if","locations":[{"start":{"line":151,"column":4},"end":{"line":161,"column":null}},{"start":{},"end":{}}],"line":151},"22":{"loc":{"start":{"line":164,"column":2},"end":{"line":164,"column":null}},"type":"if","locations":[{"start":{"line":164,"column":2},"end":{"line":164,"column":null}},{"start":{},"end":{}}],"line":164},"23":{"loc":{"start":{"line":174,"column":13},"end":{"line":174,"column":null}},"type":"cond-expr","locations":[{"start":{"line":174,"column":25},"end":{"line":174,"column":48}},{"start":{"line":174,"column":48},"end":{"line":174,"column":null}}],"line":174},"24":{"loc":{"start":{"line":251,"column":13},"end":{"line":252,"column":null}},"type":"binary-expr","locations":[{"start":{"line":251,"column":13},"end":{"line":251,"column":null}},{"start":{"line":252,"column":14},"end":{"line":252,"column":null}}],"line":251},"25":{"loc":{"start":{"line":272,"column":11},"end":{"line":275,"column":null}},"type":"binary-expr","locations":[{"start":{"line":272,"column":11},"end":{"line":272,"column":null}},{"start":{"line":273,"column":12},"end":{"line":275,"column":null}}],"line":272},"26":{"loc":{"start":{"line":296,"column":15},"end":{"line":296,"column":null}},"type":"cond-expr","locations":[{"start":{"line":296,"column":27},"end":{"line":296,"column":54}},{"start":{"line":296,"column":54},"end":{"line":296,"column":null}}],"line":296}},"s":{"0":1,"1":102,"2":102,"3":102,"4":102,"5":11,"6":1,"7":10,"8":102,"9":102,"10":102,"11":500,"12":69,"13":69,"14":69,"15":69,"16":0,"17":0,"18":102,"19":6,"20":6,"21":0,"22":6,"23":0,"24":6,"25":0,"26":6,"27":0,"28":6,"29":0,"30":6,"31":0,"32":6,"33":6,"34":102,"35":6,"36":6,"37":0,"38":6,"39":6,"40":6,"41":6,"42":6,"43":3,"44":3,"45":3,"46":1,"47":2,"48":1,"49":1,"50":3,"51":5,"52":102,"53":0,"54":0,"55":0,"56":0,"57":102,"58":2,"59":100,"60":100,"61":32,"62":600,"63":900},"f":{"0":102,"1":11,"2":500,"3":69,"4":69,"5":0,"6":6,"7":6,"8":0,"9":32,"10":600,"11":900},"b":{"0":[1,10],"1":[1,0],"2":[1,0],"3":[1,0],"4":[1,0],"5":[1,1],"6":[0,69],"7":[0,6],"8":[0,6],"9":[0,6],"10":[6,6],"11":[0,6],"12":[0,6],"13":[6,6],"14":[0,6],"15":[0,6],"16":[6,0],"17":[1,2],"18":[1,0,0],"19":[1,1],"20":[1,0],"21":[0,0],"22":[2,100],"23":[2,98],"24":[102,0],"25":[102,3],"26":[2,98]},"meta":{"lastBranch":27,"lastFunction":12,"lastStatement":64,"seen":{"s:9:27:303:Infinity":0,"f:9:27:9:28":0,"s:10:30:16:Infinity":1,"s:17:26:17:Infinity":2,"s:18:32:18:Infinity":3,"s:20:2:40:Infinity":4,"f:20:12:20:18":1,"b:21:4:39:Infinity:30:11:39:Infinity":0,"s:21:4:39:Infinity":5,"s:22:6:29:Infinity":6,"b:24:14:24:34:24:34:24:Infinity":1,"b:25:22:25:50:25:50:25:Infinity":2,"b:26:22:26:50:26:50:26:Infinity":3,"b:27:14:27:34:27:34:27:Infinity":4,"b:28:23:28:52:28:52:28:Infinity":5,"s:32:6:38:Infinity":7,"s:42:17:49:Infinity":8,"s:51:27:61:Infinity":9,"s:63:23:77:Infinity":10,"f:63:23:63:24":2,"s:63:34:77:Infinity":11,"f:63:34:63:35":3,"s:64:18:64:Infinity":12,"s:65:4:68:Infinity":13,"f:65:16:65:25":4,"s:65:25:68:6":14,"b:71:4:76:Infinity:undefined:undefined:undefined:undefined":6,"s:71:4:76:Infinity":15,"s:72:6:75:Infinity":16,"f:72:16:72:25":5,"s:72:25:75:8":17,"s:79:23:104:Infinity":18,"f:79:23:79:29":6,"s:80:22:80:Infinity":19,"b:82:4:84:Infinity:undefined:undefined:undefined:undefined":7,"s:82:4:84:Infinity":20,"s:83:6:83:Infinity":21,"b:86:4:90:Infinity:88:4:90:Infinity":8,"s:86:4:90:Infinity":22,"s:87:6:87:Infinity":23,"b:88:4:90:Infinity:undefined:undefined:undefined:undefined":9,"s:88:4:90:Infinity":24,"b:88:15:88:47:88:47:88:86":10,"s:89:6:89:Infinity":25,"b:92:4:96:Infinity:94:4:96:Infinity":11,"s:92:4:96:Infinity":26,"s:93:6:93:Infinity":27,"b:94:4:96:Infinity:undefined:undefined:undefined:undefined":12,"s:94:4:96:Infinity":28,"b:94:15:94:47:94:47:94:86":13,"s:95:6:95:Infinity":29,"b:98:4:100:Infinity:undefined:undefined:undefined:undefined":14,"s:98:4:100:Infinity":30,"s:99:6:99:Infinity":31,"s:102:4:102:Infinity":32,"s:103:4:103:Infinity":33,"s:106:23:148:Infinity":34,"f:106:23:106:30":7,"s:107:4:107:Infinity":35,"b:109:4:109:Infinity:undefined:undefined:undefined:undefined":15,"s:109:4:109:Infinity":36,"s:109:25:109:Infinity":37,"s:111:4:111:Infinity":38,"s:113:4:147:Infinity":39,"s:114:29:121:Infinity":40,"b:115:12:115:27:115:27:115:Infinity":16,"s:123:6:123:Infinity":41,"s:125:6:125:Infinity":42,"s:130:6:130:Infinity":43,"s:131:25:131:Infinity":44,"b:133:6:142:Infinity:136:6:142:Infinity":17,"s:133:6:142:Infinity":45,"s:135:8:135:Infinity":46,"b:135:23:135:55:135:55:135:85:135:85:135:Infinity":18,"b:136:6:142:Infinity:139:13:142:Infinity":19,"s:136:6:142:Infinity":47,"s:138:8:138:Infinity":48,"s:141:8:141:Infinity":49,"b:141:23:141:40:141:40:141:Infinity":20,"s:144:6:144:Infinity":50,"s:146:6:146:Infinity":51,"s:150:22:162:Infinity":52,"f:150:22:150:28":8,"b:151:4:161:Infinity:undefined:undefined:undefined:undefined":21,"s:151:4:161:Infinity":53,"s:153:6:158:Infinity":54,"s:159:6:159:Infinity":55,"s:160:6:160:Infinity":56,"b:164:2:164:Infinity:undefined:undefined:undefined:undefined":22,"s:164:2:164:Infinity":57,"s:164:15:164:Infinity":58,"s:166:20:166:Infinity":59,"s:168:2:301:Infinity":60,"f:170:48:170:49":9,"s:170:55:170:Infinity":61,"b:174:25:174:48:174:48:174:Infinity":23,"f:245:26:245:Infinity":10,"s:246:16:248:Infinity":62,"b:251:13:251:Infinity:252:14:252:Infinity":24,"f:263:36:263:Infinity":11,"s:264:16:266:Infinity":63,"b:272:11:272:Infinity:273:12:275:Infinity":25,"b:296:27:296:54:296:54:296:Infinity":26}}}
,"/Users/Paula/Desktop/stockee/stockee-front/src/components/addOrderModal/AddOrderModal.css": {"path":"/Users/Paula/Desktop/stockee/stockee-front/src/components/addOrderModal/AddOrderModal.css","statementMap":{},"fnMap":{},"branchMap":{},"s":{},"f":{},"b":{},"meta":{"lastBranch":0,"lastFunction":0,"lastStatement":0,"seen":{}}}
,"/Users/Paula/Desktop/stockee/stockee-front/src/components/addOrderModal/AddOrderModal.jsx": {"path":"/Users/Paula/Desktop/stockee/stockee-front/src/components/addOrderModal/AddOrderModal.jsx","statementMap":{"0":{"start":{"line":7,"column":22},"end":{"line":262,"column":null}},"1":{"start":{"line":14,"column":50},"end":{"line":14,"column":null}},"2":{"start":{"line":15,"column":30},"end":{"line":15,"column":null}},"3":{"start":{"line":16,"column":34},"end":{"line":16,"column":null}},"4":{"start":{"line":17,"column":26},"end":{"line":17,"column":null}},"5":{"start":{"line":18,"column":32},"end":{"line":18,"column":null}},"6":{"start":{"line":21,"column":2},"end":{"line":25,"column":null}},"7":{"start":{"line":22,"column":4},"end":{"line":24,"column":null}},"8":{"start":{"line":23,"column":6},"end":{"line":23,"column":null}},"9":{"start":{"line":27,"column":20},"end":{"line":32,"column":null}},"10":{"start":{"line":28,"column":4},"end":{"line":28,"column":null}},"11":{"start":{"line":29,"column":4},"end":{"line":29,"column":null}},"12":{"start":{"line":30,"column":4},"end":{"line":30,"column":null}},"13":{"start":{"line":31,"column":4},"end":{"line":31,"column":null}},"14":{"start":{"line":35,"column":30},"end":{"line":47,"column":null}},"15":{"start":{"line":37,"column":27},"end":{"line":39,"column":null}},"16":{"start":{"line":38,"column":14},"end":{"line":38,"column":null}},"17":{"start":{"line":42,"column":26},"end":{"line":44,"column":null}},"18":{"start":{"line":46,"column":4},"end":{"line":46,"column":null}},"19":{"start":{"line":49,"column":33},"end":{"line":52,"column":null}},"20":{"start":{"line":50,"column":4},"end":{"line":50,"column":null}},"21":{"start":{"line":51,"column":4},"end":{"line":51,"column":null}},"22":{"start":{"line":51,"column":23},"end":{"line":51,"column":51}},"23":{"start":{"line":54,"column":31},"end":{"line":61,"column":null}},"24":{"start":{"line":55,"column":18},"end":{"line":55,"column":null}},"25":{"start":{"line":56,"column":4},"end":{"line":56,"column":null}},"26":{"start":{"line":58,"column":4},"end":{"line":60,"column":null}},"27":{"start":{"line":59,"column":6},"end":{"line":59,"column":null}},"28":{"start":{"line":59,"column":25},"end":{"line":59,"column":51}},"29":{"start":{"line":63,"column":23},"end":{"line":78,"column":null}},"30":{"start":{"line":64,"column":22},"end":{"line":64,"column":null}},"31":{"start":{"line":66,"column":4},"end":{"line":68,"column":null}},"32":{"start":{"line":67,"column":6},"end":{"line":67,"column":null}},"33":{"start":{"line":70,"column":4},"end":{"line":74,"column":null}},"34":{"start":{"line":71,"column":6},"end":{"line":71,"column":null}},"35":{"start":{"line":72,"column":4},"end":{"line":74,"column":null}},"36":{"start":{"line":73,"column":6},"end":{"line":73,"column":null}},"37":{"start":{"line":76,"column":4},"end":{"line":76,"column":null}},"38":{"start":{"line":77,"column":4},"end":{"line":77,"column":null}},"39":{"start":{"line":80,"column":23},"end":{"line":108,"column":null}},"40":{"start":{"line":81,"column":4},"end":{"line":81,"column":null}},"41":{"start":{"line":83,"column":4},"end":{"line":83,"column":null}},"42":{"start":{"line":83,"column":25},"end":{"line":83,"column":null}},"43":{"start":{"line":85,"column":4},"end":{"line":85,"column":null}},"44":{"start":{"line":87,"column":4},"end":{"line":107,"column":null}},"45":{"start":{"line":88,"column":24},"end":{"line":94,"column":null}},"46":{"start":{"line":96,"column":6},"end":{"line":96,"column":null}},"47":{"start":{"line":97,"column":6},"end":{"line":97,"column":null}},"48":{"start":{"line":98,"column":6},"end":{"line":98,"column":null}},"49":{"start":{"line":101,"column":6},"end":{"line":101,"column":null}},"50":{"start":{"line":102,"column":6},"end":{"line":104,"column":null}},"51":{"start":{"line":106,"column":6},"end":{"line":106,"column":null}},"52":{"start":{"line":110,"column":22},"end":{"line":115,"column":null}},"53":{"start":{"line":111,"column":4},"end":{"line":114,"column":null}},"54":{"start":{"line":112,"column":6},"end":{"line":112,"column":null}},"55":{"start":{"line":113,"column":6},"end":{"line":113,"column":null}},"56":{"start":{"line":117,"column":2},"end":{"line":117,"column":null}},"57":{"start":{"line":117,"column":15},"end":{"line":117,"column":null}},"58":{"start":{"line":119,"column":2},"end":{"line":260,"column":null}},"59":{"start":{"line":121,"column":65},"end":{"line":121,"column":null}},"60":{"start":{"line":148,"column":33},"end":{"line":148,"column":null}},"61":{"start":{"line":172,"column":18},"end":{"line":199,"column":null}},"62":{"start":{"line":179,"column":35},"end":{"line":179,"column":null}}},"fnMap":{"0":{"name":"(anonymous_0)","decl":{"start":{"line":7,"column":22},"end":{"line":7,"column":23}},"loc":{"start":{"line":13,"column":6},"end":{"line":262,"column":null}},"line":13},"1":{"name":"(anonymous_1)","decl":{"start":{"line":21,"column":12},"end":{"line":21,"column":18}},"loc":{"start":{"line":21,"column":18},"end":{"line":25,"column":5}},"line":21},"2":{"name":"(anonymous_2)","decl":{"start":{"line":27,"column":20},"end":{"line":27,"column":26}},"loc":{"start":{"line":27,"column":26},"end":{"line":32,"column":null}},"line":27},"3":{"name":"(anonymous_3)","decl":{"start":{"line":35,"column":58},"end":{"line":35,"column":72}},"loc":{"start":{"line":35,"column":72},"end":{"line":47,"column":3}},"line":35},"4":{"name":"(anonymous_4)","decl":{"start":{"line":38,"column":6},"end":{"line":38,"column":14}},"loc":{"start":{"line":38,"column":14},"end":{"line":38,"column":null}},"line":38},"5":{"name":"(anonymous_5)","decl":{"start":{"line":49,"column":33},"end":{"line":49,"column":34}},"loc":{"start":{"line":49,"column":49},"end":{"line":52,"column":null}},"line":49},"6":{"name":"(anonymous_6)","decl":{"start":{"line":51,"column":14},"end":{"line":51,"column":23}},"loc":{"start":{"line":51,"column":23},"end":{"line":51,"column":51}},"line":51},"7":{"name":"(anonymous_7)","decl":{"start":{"line":54,"column":31},"end":{"line":54,"column":32}},"loc":{"start":{"line":54,"column":38},"end":{"line":61,"column":null}},"line":54},"8":{"name":"(anonymous_8)","decl":{"start":{"line":59,"column":16},"end":{"line":59,"column":25}},"loc":{"start":{"line":59,"column":25},"end":{"line":59,"column":51}},"line":59},"9":{"name":"(anonymous_9)","decl":{"start":{"line":63,"column":23},"end":{"line":63,"column":29}},"loc":{"start":{"line":63,"column":29},"end":{"line":78,"column":null}},"line":63},"10":{"name":"(anonymous_10)","decl":{"start":{"line":80,"column":23},"end":{"line":80,"column":30}},"loc":{"start":{"line":80,"column":36},"end":{"line":108,"column":null}},"line":80},"11":{"name":"(anonymous_11)","decl":{"start":{"line":110,"column":22},"end":{"line":110,"column":28}},"loc":{"start":{"line":110,"column":28},"end":{"line":115,"column":null}},"line":110},"12":{"name":"(anonymous_12)","decl":{"start":{"line":121,"column":58},"end":{"line":121,"column":59}},"loc":{"start":{"line":121,"column":65},"end":{"line":121,"column":null}},"line":121},"13":{"name":"(anonymous_13)","decl":{"start":{"line":148,"column":26},"end":{"line":148,"column":27}},"loc":{"start":{"line":148,"column":33},"end":{"line":148,"column":null}},"line":148},"14":{"name":"(anonymous_14)","decl":{"start":{"line":171,"column":40},"end":{"line":171,"column":null}},"loc":{"start":{"line":172,"column":18},"end":{"line":199,"column":null}},"line":172},"15":{"name":"(anonymous_15)","decl":{"start":{"line":179,"column":29},"end":{"line":179,"column":35}},"loc":{"start":{"line":179,"column":35},"end":{"line":179,"column":null}},"line":179}},"branchMap":{"0":{"loc":{"start":{"line":11,"column":2},"end":{"line":11,"column":null}},"type":"default-arg","locations":[{"start":{"line":11,"column":25},"end":{"line":11,"column":null}}],"line":11},"1":{"loc":{"start":{"line":12,"column":2},"end":{"line":12,"column":null}},"type":"default-arg","locations":[{"start":{"line":12,"column":23},"end":{"line":12,"column":null}}],"line":12},"2":{"loc":{"start":{"line":22,"column":4},"end":{"line":24,"column":null}},"type":"if","locations":[{"start":{"line":22,"column":4},"end":{"line":24,"column":null}},{"start":{},"end":{}}],"line":22},"3":{"loc":{"start":{"line":46,"column":11},"end":{"line":46,"column":null}},"type":"binary-expr","locations":[{"start":{"line":46,"column":11},"end":{"line":46,"column":30}},{"start":{"line":46,"column":30},"end":{"line":46,"column":null}}],"line":46},"4":{"loc":{"start":{"line":58,"column":4},"end":{"line":60,"column":null}},"type":"if","locations":[{"start":{"line":58,"column":4},"end":{"line":60,"column":null}},{"start":{},"end":{}}],"line":58},"5":{"loc":{"start":{"line":66,"column":4},"end":{"line":68,"column":null}},"type":"if","locations":[{"start":{"line":66,"column":4},"end":{"line":68,"column":null}},{"start":{},"end":{}}],"line":66},"6":{"loc":{"start":{"line":70,"column":4},"end":{"line":74,"column":null}},"type":"if","locations":[{"start":{"line":70,"column":4},"end":{"line":74,"column":null}},{"start":{"line":72,"column":4},"end":{"line":74,"column":null}}],"line":70},"7":{"loc":{"start":{"line":72,"column":4},"end":{"line":74,"column":null}},"type":"if","locations":[{"start":{"line":72,"column":4},"end":{"line":74,"column":null}},{"start":{},"end":{}}],"line":72},"8":{"loc":{"start":{"line":72,"column":15},"end":{"line":72,"column":61}},"type":"binary-expr","locations":[{"start":{"line":72,"column":15},"end":{"line":72,"column":34}},{"start":{"line":72,"column":34},"end":{"line":72,"column":61}}],"line":72},"9":{"loc":{"start":{"line":83,"column":4},"end":{"line":83,"column":null}},"type":"if","locations":[{"start":{"line":83,"column":4},"end":{"line":83,"column":null}},{"start":{},"end":{}}],"line":83},"10":{"loc":{"start":{"line":103,"column":16},"end":{"line":103,"column":null}},"type":"binary-expr","locations":[{"start":{"line":103,"column":16},"end":{"line":103,"column":33}},{"start":{"line":103,"column":33},"end":{"line":103,"column":null}}],"line":103},"11":{"loc":{"start":{"line":111,"column":4},"end":{"line":114,"column":null}},"type":"if","locations":[{"start":{"line":111,"column":4},"end":{"line":114,"column":null}},{"start":{},"end":{}}],"line":111},"12":{"loc":{"start":{"line":117,"column":2},"end":{"line":117,"column":null}},"type":"if","locations":[{"start":{"line":117,"column":2},"end":{"line":117,"column":null}},{"start":{},"end":{}}],"line":117},"13":{"loc":{"start":{"line":161,"column":15},"end":{"line":200,"column":null}},"type":"cond-expr","locations":[{"start":{"line":162,"column":16},"end":{"line":169,"column":null}},{"start":{"line":171,"column":16},"end":{"line":200,"column":null}}],"line":161},"14":{"loc":{"start":{"line":165,"column":21},"end":{"line":167,"column":null}},"type":"cond-expr","locations":[{"start":{"line":166,"column":24},"end":{"line":166,"column":null}},{"start":{"line":167,"column":24},"end":{"line":167,"column":null}}],"line":165},"15":{"loc":{"start":{"line":175,"column":22},"end":{"line":175,"column":null}},"type":"cond-expr","locations":[{"start":{"line":175,"column":65},"end":{"line":175,"column":78}},{"start":{"line":175,"column":78},"end":{"line":175,"column":null}}],"line":175},"16":{"loc":{"start":{"line":177,"column":22},"end":{"line":177,"column":null}},"type":"cond-expr","locations":[{"start":{"line":177,"column":75},"end":{"line":177,"column":89}},{"start":{"line":177,"column":89},"end":{"line":177,"column":null}}],"line":177},"17":{"loc":{"start":{"line":187,"column":25},"end":{"line":190,"column":null}},"type":"binary-expr","locations":[{"start":{"line":187,"column":25},"end":{"line":187,"column":null}},{"start":{"line":188,"column":26},"end":{"line":190,"column":null}}],"line":187},"18":{"loc":{"start":{"line":195,"column":23},"end":{"line":196,"column":null}},"type":"binary-expr","locations":[{"start":{"line":195,"column":23},"end":{"line":195,"column":null}},{"start":{"line":196,"column":24},"end":{"line":196,"column":null}}],"line":195},"19":{"loc":{"start":{"line":204,"column":13},"end":{"line":205,"column":null}},"type":"binary-expr","locations":[{"start":{"line":204,"column":13},"end":{"line":204,"column":null}},{"start":{"line":205,"column":14},"end":{"line":205,"column":null}}],"line":204},"20":{"loc":{"start":{"line":210,"column":11},"end":{"line":227,"column":null}},"type":"binary-expr","locations":[{"start":{"line":210,"column":11},"end":{"line":210,"column":null}},{"start":{"line":211,"column":12},"end":{"line":227,"column":null}}],"line":210},"21":{"loc":{"start":{"line":231,"column":11},"end":{"line":234,"column":null}},"type":"binary-expr","locations":[{"start":{"line":231,"column":11},"end":{"line":231,"column":null}},{"start":{"line":232,"column":12},"end":{"line":234,"column":null}}],"line":231},"22":{"loc":{"start":{"line":253,"column":24},"end":{"line":253,"column":null}},"type":"binary-expr","locations":[{"start":{"line":253,"column":24},"end":{"line":253,"column":37}},{"start":{"line":253,"column":37},"end":{"line":253,"column":null}}],"line":253}},"s":{"0":1,"1":24,"2":24,"3":24,"4":24,"5":24,"6":24,"7":8,"8":1,"9":24,"10":2,"11":2,"12":2,"13":2,"14":24,"15":72,"16":0,"17":72,"18":72,"19":24,"20":4,"21":4,"22":4,"23":24,"24":3,"25":3,"26":3,"27":0,"28":0,"29":24,"30":3,"31":3,"32":0,"33":3,"34":0,"35":3,"36":1,"37":3,"38":3,"39":24,"40":3,"41":3,"42":1,"43":2,"44":2,"45":2,"46":2,"47":1,"48":1,"49":1,"50":1,"51":2,"52":24,"53":0,"54":0,"55":0,"56":24,"57":2,"58":22,"59":11,"60":3,"61":60,"62":4},"f":{"0":24,"1":8,"2":2,"3":72,"4":0,"5":4,"6":4,"7":3,"8":0,"9":3,"10":3,"11":0,"12":11,"13":3,"14":60,"15":4},"b":{"0":[24],"1":[24],"2":[1,7],"3":[72,72],"4":[0,3],"5":[0,3],"6":[0,3],"7":[1,2],"8":[3,3],"9":[1,2],"10":[1,0],"11":[0,0],"12":[2,22],"13":[0,22],"14":[0,0],"15":[11,49],"16":[19,41],"17":[60,19],"18":[60,11],"19":[24,0],"20":[24,11],"21":[24,1],"22":[24,20]},"meta":{"lastBranch":23,"lastFunction":16,"lastStatement":63,"seen":{"s:7:22:262:Infinity":0,"f:7:22:7:23":0,"b:11:25:11:Infinity":0,"b:12:23:12:Infinity":1,"s:14:50:14:Infinity":1,"s:15:30:15:Infinity":2,"s:16:34:16:Infinity":3,"s:17:26:17:Infinity":4,"s:18:32:18:Infinity":5,"s:21:2:25:Infinity":6,"f:21:12:21:18":1,"b:22:4:24:Infinity:undefined:undefined:undefined:undefined":2,"s:22:4:24:Infinity":7,"s:23:6:23:Infinity":8,"s:27:20:32:Infinity":9,"f:27:20:27:26":2,"s:28:4:28:Infinity":10,"s:29:4:29:Infinity":11,"s:30:4:30:Infinity":12,"s:31:4:31:Infinity":13,"s:35:30:47:Infinity":14,"f:35:58:35:72":3,"s:37:27:39:Infinity":15,"f:38:6:38:14":4,"s:38:14:38:Infinity":16,"s:42:26:44:Infinity":17,"s:46:4:46:Infinity":18,"b:46:11:46:30:46:30:46:Infinity":3,"s:49:33:52:Infinity":19,"f:49:33:49:34":5,"s:50:4:50:Infinity":20,"s:51:4:51:Infinity":21,"f:51:14:51:23":6,"s:51:23:51:51":22,"s:54:31:61:Infinity":23,"f:54:31:54:32":7,"s:55:18:55:Infinity":24,"s:56:4:56:Infinity":25,"b:58:4:60:Infinity:undefined:undefined:undefined:undefined":4,"s:58:4:60:Infinity":26,"s:59:6:59:Infinity":27,"f:59:16:59:25":8,"s:59:25:59:51":28,"s:63:23:78:Infinity":29,"f:63:23:63:29":9,"s:64:22:64:Infinity":30,"b:66:4:68:Infinity:undefined:undefined:undefined:undefined":5,"s:66:4:68:Infinity":31,"s:67:6:67:Infinity":32,"b:70:4:74:Infinity:72:4:74:Infinity":6,"s:70:4:74:Infinity":33,"s:71:6:71:Infinity":34,"b:72:4:74:Infinity:undefined:undefined:undefined:undefined":7,"s:72:4:74:Infinity":35,"b:72:15:72:34:72:34:72:61":8,"s:73:6:73:Infinity":36,"s:76:4:76:Infinity":37,"s:77:4:77:Infinity":38,"s:80:23:108:Infinity":39,"f:80:23:80:30":10,"s:81:4:81:Infinity":40,"b:83:4:83:Infinity:undefined:undefined:undefined:undefined":9,"s:83:4:83:Infinity":41,"s:83:25:83:Infinity":42,"s:85:4:85:Infinity":43,"s:87:4:107:Infinity":44,"s:88:24:94:Infinity":45,"s:96:6:96:Infinity":46,"s:97:6:97:Infinity":47,"s:98:6:98:Infinity":48,"s:101:6:101:Infinity":49,"s:102:6:104:Infinity":50,"b:103:16:103:33:103:33:103:Infinity":10,"s:106:6:106:Infinity":51,"s:110:22:115:Infinity":52,"f:110:22:110:28":11,"b:111:4:114:Infinity:undefined:undefined:undefined:undefined":11,"s:111:4:114:Infinity":53,"s:112:6:112:Infinity":54,"s:113:6:113:Infinity":55,"b:117:2:117:Infinity:undefined:undefined:undefined:undefined":12,"s:117:2:117:Infinity":56,"s:117:15:117:Infinity":57,"s:119:2:260:Infinity":58,"f:121:58:121:59":12,"s:121:65:121:Infinity":59,"f:148:26:148:27":13,"s:148:33:148:Infinity":60,"b:162:16:169:Infinity:171:16:200:Infinity":13,"b:166:24:166:Infinity:167:24:167:Infinity":14,"f:171:40:171:Infinity":14,"s:172:18:199:Infinity":61,"b:175:65:175:78:175:78:175:Infinity":15,"b:177:75:177:89:177:89:177:Infinity":16,"f:179:29:179:35":15,"s:179:35:179:Infinity":62,"b:187:25:187:Infinity:188:26:190:Infinity":17,"b:195:23:195:Infinity:196:24:196:Infinity":18,"b:204:13:204:Infinity:205:14:205:Infinity":19,"b:210:11:210:Infinity:211:12:227:Infinity":20,"b:231:11:231:Infinity:232:12:234:Infinity":21,"b:253:24:253:37:253:37:253:Infinity":22}}}
,"/Users/Paula/Desktop/stockee/stockee-front/src/components/button/Button.css": {"path":"/Users/Paula/Desktop/stockee/stockee-front/src/components/button/Button.css","statementMap":{},"fnMap":{},"branchMap":{},"s":{},"f":{},"b":{},"meta":{"lastBranch":0,"lastFunction":0,"lastStatement":0,"seen":{}}}
,"/Users/Paula/Desktop/stockee/stockee-front/src/components/button/Button.jsx": {"path":"/Users/Paula/Desktop/stockee/stockee-front/src/components/button/Button.jsx","statementMap":{"0":{"start":{"line":4,"column":15},"end":{"line":60,"column":null}},"1":{"start":{"line":18,"column":24},"end":{"line":26,"column":null}},"2":{"start":{"line":28,"column":22},"end":{"line":31,"column":null}},"3":{"start":{"line":29,"column":4},"end":{"line":29,"column":null}},"4":{"start":{"line":29,"column":29},"end":{"line":29,"column":null}},"5":{"start":{"line":30,"column":4},"end":{"line":30,"column":null}},"6":{"start":{"line":33,"column":2},"end":{"line":58,"column":null}}},"fnMap":{"0":{"name":"(anonymous_0)","decl":{"start":{"line":4,"column":15},"end":{"line":4,"column":16}},"loc":{"start":{"line":17,"column":6},"end":{"line":60,"column":null}},"line":17},"1":{"name":"(anonymous_1)","decl":{"start":{"line":28,"column":22},"end":{"line":28,"column":23}},"loc":{"start":{"line":28,"column":29},"end":{"line":31,"column":null}},"line":28}},"branchMap":{"0":{"loc":{"start":{"line":6,"column":2},"end":{"line":6,"column":null}},"type":"default-arg","locations":[{"start":{"line":6,"column":12},"end":{"line":6,"column":null}}],"line":6},"1":{"loc":{"start":{"line":7,"column":2},"end":{"line":7,"column":null}},"type":"default-arg","locations":[{"start":{"line":7,"column":9},"end":{"line":7,"column":null}}],"line":7},"2":{"loc":{"start":{"line":8,"column":2},"end":{"line":8,"column":null}},"type":"default-arg","locations":[{"start":{"line":8,"column":13},"end":{"line":8,"column":null}}],"line":8},"3":{"loc":{"start":{"line":9,"column":2},"end":{"line":9,"column":null}},"type":"default-arg","locations":[{"start":{"line":9,"column":12},"end":{"line":9,"column":null}}],"line":9},"4":{"loc":{"start":{"line":11,"column":2},"end":{"line":11,"column":null}},"type":"default-arg","locations":[{"start":{"line":11,"column":17},"end":{"line":11,"column":null}}],"line":11},"5":{"loc":{"start":{"line":12,"column":2},"end":{"line":12,"column":null}},"type":"default-arg","locations":[{"start":{"line":12,"column":14},"end":{"line":12,"column":null}}],"line":12},"6":{"loc":{"start":{"line":13,"column":2},"end":{"line":13,"column":null}},"type":"default-arg","locations":[{"start":{"line":13,"column":14},"end":{"line":13,"column":null}}],"line":13},"7":{"loc":{"start":{"line":15,"column":2},"end":{"line":15,"column":null}},"type":"default-arg","locations":[{"start":{"line":15,"column":9},"end":{"line":15,"column":null}}],"line":15},"8":{"loc":{"start":{"line":22,"column":4},"end":{"line":22,"column":null}},"type":"binary-expr","locations":[{"start":{"line":22,"column":4},"end":{"line":22,"column":16}},{"start":{"line":22,"column":16},"end":{"line":22,"column":null}}],"line":22},"9":{"loc":{"start":{"line":23,"column":4},"end":{"line":23,"column":null}},"type":"binary-expr","locations":[{"start":{"line":23,"column":4},"end":{"line":23,"column":15}},{"start":{"line":23,"column":15},"end":{"line":23,"column":null}}],"line":23},"10":{"loc":{"start":{"line":24,"column":4},"end":{"line":24,"column":null}},"type":"binary-expr","locations":[{"start":{"line":24,"column":4},"end":{"line":24,"column":17}},{"start":{"line":24,"column":17},"end":{"line":24,"column":null}}],"line":24},"11":{"loc":{"start":{"line":29,"column":4},"end":{"line":29,"column":null}},"type":"if","locations":[{"start":{"line":29,"column":4},"end":{"line":29,"column":null}},{"start":{},"end":{}}],"line":29},"12":{"loc":{"start":{"line":29,"column":8},"end":{"line":29,"column":29}},"type":"binary-expr","locations":[{"start":{"line":29,"column":8},"end":{"line":29,"column":20}},{"start":{"line":29,"column":20},"end":{"line":29,"column":29}}],"line":29},"13":{"loc":{"start":{"line":38,"column":16},"end":{"line":38,"column":null}},"type":"binary-expr","locations":[{"start":{"line":38,"column":16},"end":{"line":38,"column":28}},{"start":{"line":38,"column":28},"end":{"line":38,"column":null}}],"line":38},"14":{"loc":{"start":{"line":41,"column":7},"end":{"line":44,"column":null}},"type":"binary-expr","locations":[{"start":{"line":41,"column":7},"end":{"line":41,"column":null}},{"start":{"line":42,"column":8},"end":{"line":44,"column":null}}],"line":41},"15":{"loc":{"start":{"line":47,"column":7},"end":{"line":48,"column":null}},"type":"binary-expr","locations":[{"start":{"line":47,"column":7},"end":{"line":47,"column":19}},{"start":{"line":47,"column":19},"end":{"line":47,"column":27}},{"start":{"line":47,"column":27},"end":{"line":47,"column":null}},{"start":{"line":48,"column":8},"end":{"line":48,"column":null}}],"line":47},"16":{"loc":{"start":{"line":51,"column":35},"end":{"line":51,"column":68}},"type":"cond-expr","locations":[{"start":{"line":51,"column":45},"end":{"line":51,"column":66}},{"start":{"line":51,"column":66},"end":{"line":51,"column":68}}],"line":51},"17":{"loc":{"start":{"line":55,"column":7},"end":{"line":56,"column":null}},"type":"binary-expr","locations":[{"start":{"line":55,"column":7},"end":{"line":55,"column":19}},{"start":{"line":55,"column":19},"end":{"line":55,"column":27}},{"start":{"line":55,"column":27},"end":{"line":55,"column":null}},{"start":{"line":56,"column":8},"end":{"line":56,"column":null}}],"line":55}},"s":{"0":3,"1":506,"2":506,"3":20,"4":0,"5":20,"6":506},"f":{"0":506,"1":20},"b":{"0":[506],"1":[506],"2":[506],"3":[506],"4":[506],"5":[506],"6":[506],"7":[506],"8":[506,34],"9":[506,15],"10":[506,262],"11":[0,20],"12":[20,20],"13":[506,472],"14":[506,15],"15":[506,491,255,0],"16":[15,491],"17":[506,491,255,255]},"meta":{"lastBranch":18,"lastFunction":2,"lastStatement":7,"seen":{"s:4:15:60:Infinity":0,"f:4:15:4:16":0,"b:6:12:6:Infinity":0,"b:7:9:7:Infinity":1,"b:8:13:8:Infinity":2,"b:9:12:9:Infinity":3,"b:11:17:11:Infinity":4,"b:12:14:12:Infinity":5,"b:13:14:13:Infinity":6,"b:15:9:15:Infinity":7,"s:18:24:26:Infinity":1,"b:22:4:22:16:22:16:22:Infinity":8,"b:23:4:23:15:23:15:23:Infinity":9,"b:24:4:24:17:24:17:24:Infinity":10,"s:28:22:31:Infinity":2,"f:28:22:28:23":1,"b:29:4:29:Infinity:undefined:undefined:undefined:undefined":11,"s:29:4:29:Infinity":3,"b:29:8:29:20:29:20:29:29":12,"s:29:29:29:Infinity":4,"s:30:4:30:Infinity":5,"s:33:2:58:Infinity":6,"b:38:16:38:28:38:28:38:Infinity":13,"b:41:7:41:Infinity:42:8:44:Infinity":14,"b:47:7:47:19:47:19:47:27:47:27:47:Infinity:48:8:48:Infinity":15,"b:51:45:51:66:51:66:51:68":16,"b:55:7:55:19:55:19:55:27:55:27:55:Infinity:56:8:56:Infinity":17}}}
,"/Users/Paula/Desktop/stockee/stockee-front/src/components/consumptionTrendChart/ConsumptionTrendChart.css": {"path":"/Users/Paula/Desktop/stockee/stockee-front/src/components/consumptionTrendChart/ConsumptionTrendChart.css","statementMap":{},"fnMap":{},"branchMap":{},"s":{},"f":{},"b":{},"meta":{"lastBranch":0,"lastFunction":0,"lastStatement":0,"seen":{}}}
,"/Users/Paula/Desktop/stockee/stockee-front/src/components/consumptionTrendChart/ConsumptionTrendChartWrapper.jsx": {"path":"/Users/Paula/Desktop/stockee/stockee-front/src/components/consumptionTrendChart/ConsumptionTrendChartWrapper.jsx","statementMap":{"0":{"start":{"line":6,"column":37},"end":{"line":128,"column":null}},"1":{"start":{"line":7,"column":32},"end":{"line":7,"column":null}},"2":{"start":{"line":8,"column":32},"end":{"line":8,"column":null}},"3":{"start":{"line":9,"column":24},"end":{"line":9,"column":null}},"4":{"start":{"line":11,"column":2},"end":{"line":13,"column":null}},"5":{"start":{"line":12,"column":4},"end":{"line":12,"column":null}},"6":{"start":{"line":15,"column":31},"end":{"line":36,"column":null}},"7":{"start":{"line":16,"column":4},"end":{"line":35,"column":null}},"8":{"start":{"line":17,"column":6},"end":{"line":17,"column":null}},"9":{"start":{"line":18,"column":6},"end":{"line":18,"column":null}},"10":{"start":{"line":20,"column":6},"end":{"line":20,"column":null}},"11":{"start":{"line":22,"column":24},"end":{"line":22,"column":null}},"12":{"start":{"line":23,"column":6},"end":{"line":23,"column":null}},"13":{"start":{"line":25,"column":28},"end":{"line":25,"column":null}},"14":{"start":{"line":27,"column":6},"end":{"line":27,"column":null}},"15":{"start":{"line":28,"column":6},"end":{"line":28,"column":null}},"16":{"start":{"line":31,"column":6},"end":{"line":31,"column":null}},"17":{"start":{"line":32,"column":6},"end":{"line":32,"column":null}},"18":{"start":{"line":34,"column":6},"end":{"line":34,"column":null}},"19":{"start":{"line":38,"column":40},"end":{"line":92,"column":null}},"20":{"start":{"line":39,"column":4},"end":{"line":41,"column":null}},"21":{"start":{"line":40,"column":6},"end":{"line":40,"column":null}},"22":{"start":{"line":43,"column":4},"end":{"line":91,"column":null}},"23":{"start":{"line":45,"column":26},"end":{"line":45,"column":null}},"24":{"start":{"line":47,"column":6},"end":{"line":69,"column":null}},"25":{"start":{"line":48,"column":21},"end":{"line":48,"column":null}},"26":{"start":{"line":49,"column":25},"end":{"line":49,"column":null}},"27":{"start":{"line":50,"column":26},"end":{"line":50,"column":null}},"28":{"start":{"line":52,"column":8},"end":{"line":58,"column":null}},"29":{"start":{"line":53,"column":10},"end":{"line":57,"column":null}},"30":{"start":{"line":61,"column":8},"end":{"line":61,"column":null}},"31":{"start":{"line":64,"column":31},"end":{"line":64,"column":null}},"32":{"start":{"line":65,"column":8},"end":{"line":67,"column":null}},"33":{"start":{"line":66,"column":10},"end":{"line":66,"column":null}},"34":{"start":{"line":68,"column":8},"end":{"line":68,"column":null}},"35":{"start":{"line":72,"column":21},"end":{"line":84,"column":null}},"36":{"start":{"line":74,"column":25},"end":{"line":74,"column":null}},"37":{"start":{"line":75,"column":10},"end":{"line":75,"column":null}},"38":{"start":{"line":77,"column":27},"end":{"line":84,"column":10}},"39":{"start":{"line":81,"column":40},"end":{"line":81,"column":93}},"40":{"start":{"line":82,"column":28},"end":{"line":82,"column":51}},"41":{"start":{"line":86,"column":6},"end":{"line":86,"column":null}},"42":{"start":{"line":89,"column":6},"end":{"line":89,"column":null}},"43":{"start":{"line":90,"column":6},"end":{"line":90,"column":null}},"44":{"start":{"line":94,"column":23},"end":{"line":97,"column":null}},"45":{"start":{"line":95,"column":19},"end":{"line":95,"column":null}},"46":{"start":{"line":96,"column":4},"end":{"line":96,"column":null}},"47":{"start":{"line":99,"column":22},"end":{"line":101,"column":null}},"48":{"start":{"line":100,"column":4},"end":{"line":100,"column":null}},"49":{"start":{"line":103,"column":2},"end":{"line":112,"column":null}},"50":{"start":{"line":104,"column":4},"end":{"line":110,"column":null}},"51":{"start":{"line":114,"column":2},"end":{"line":125,"column":null}},"52":{"start":{"line":115,"column":4},"end":{"line":123,"column":null}},"53":{"start":{"line":127,"column":2},"end":{"line":127,"column":null}}},"fnMap":{"0":{"name":"(anonymous_0)","decl":{"start":{"line":6,"column":37},"end":{"line":6,"column":43}},"loc":{"start":{"line":6,"column":43},"end":{"line":128,"column":null}},"line":6},"1":{"name":"(anonymous_1)","decl":{"start":{"line":11,"column":12},"end":{"line":11,"column":18}},"loc":{"start":{"line":11,"column":18},"end":{"line":13,"column":5}},"line":11},"2":{"name":"(anonymous_2)","decl":{"start":{"line":15,"column":31},"end":{"line":15,"column":43}},"loc":{"start":{"line":15,"column":43},"end":{"line":36,"column":null}},"line":15},"3":{"name":"(anonymous_3)","decl":{"start":{"line":38,"column":40},"end":{"line":38,"column":41}},"loc":{"start":{"line":38,"column":55},"end":{"line":92,"column":null}},"line":38},"4":{"name":"(anonymous_4)","decl":{"start":{"line":47,"column":24},"end":{"line":47,"column":33}},"loc":{"start":{"line":47,"column":33},"end":{"line":69,"column":7}},"line":47},"5":{"name":"(anonymous_5)","decl":{"start":{"line":73,"column":14},"end":{"line":73,"column":15}},"loc":{"start":{"line":73,"column":24},"end":{"line":76,"column":9}},"line":73},"6":{"name":"(anonymous_6)","decl":{"start":{"line":77,"column":13},"end":{"line":77,"column":27}},"loc":{"start":{"line":77,"column":27},"end":{"line":84,"column":10}},"line":77},"7":{"name":"(anonymous_7)","decl":{"start":{"line":81,"column":17},"end":{"line":81,"column":18}},"loc":{"start":{"line":81,"column":40},"end":{"line":81,"column":93}},"line":81},"8":{"name":"(anonymous_8)","decl":{"start":{"line":82,"column":18},"end":{"line":82,"column":19}},"loc":{"start":{"line":82,"column":28},"end":{"line":82,"column":51}},"line":82},"9":{"name":"(anonymous_9)","decl":{"start":{"line":94,"column":23},"end":{"line":94,"column":24}},"loc":{"start":{"line":94,"column":33},"end":{"line":97,"column":null}},"line":94},"10":{"name":"(anonymous_10)","decl":{"start":{"line":99,"column":22},"end":{"line":99,"column":28}},"loc":{"start":{"line":99,"column":28},"end":{"line":101,"column":null}},"line":99}},"branchMap":{"0":{"loc":{"start":{"line":32,"column":15},"end":{"line":32,"column":86}},"type":"binary-expr","locations":[{"start":{"line":32,"column":15},"end":{"line":32,"column":48}},{"start":{"line":32,"column":48},"end":{"line":32,"column":86}}],"line":32},"1":{"loc":{"start":{"line":39,"column":4},"end":{"line":41,"column":null}},"type":"if","locations":[{"start":{"line":39,"column":4},"end":{"line":41,"column":null}},{"start":{},"end":{}}],"line":39},"2":{"loc":{"start":{"line":52,"column":8},"end":{"line":58,"column":null}},"type":"if","locations":[{"start":{"line":52,"column":8},"end":{"line":58,"column":null}},{"start":{},"end":{}}],"line":52},"3":{"loc":{"start":{"line":61,"column":50},"end":{"line":61,"column":null}},"type":"binary-expr","locations":[{"start":{"line":61,"column":50},"end":{"line":61,"column":68}},{"start":{"line":61,"column":68},"end":{"line":61,"column":null}}],"line":61},"4":{"loc":{"start":{"line":64,"column":31},"end":{"line":64,"column":null}},"type":"binary-expr","locations":[{"start":{"line":64,"column":31},"end":{"line":64,"column":55}},{"start":{"line":64,"column":55},"end":{"line":64,"column":null}}],"line":64},"5":{"loc":{"start":{"line":65,"column":8},"end":{"line":67,"column":null}},"type":"if","locations":[{"start":{"line":65,"column":8},"end":{"line":67,"column":null}},{"start":{},"end":{}}],"line":65},"6":{"loc":{"start":{"line":68,"column":61},"end":{"line":68,"column":null}},"type":"binary-expr","locations":[{"start":{"line":68,"column":61},"end":{"line":68,"column":79}},{"start":{"line":68,"column":79},"end":{"line":68,"column":null}}],"line":68},"7":{"loc":{"start":{"line":103,"column":2},"end":{"line":112,"column":null}},"type":"if","locations":[{"start":{"line":103,"column":2},"end":{"line":112,"column":null}},{"start":{},"end":{}}],"line":103},"8":{"loc":{"start":{"line":114,"column":2},"end":{"line":125,"column":null}},"type":"if","locations":[{"start":{"line":114,"column":2},"end":{"line":125,"column":null}},{"start":{},"end":{}}],"line":114}},"s":{"0":1,"1":19,"2":19,"3":19,"4":19,"5":8,"6":19,"7":10,"8":10,"9":10,"10":10,"11":10,"12":6,"13":6,"14":6,"15":6,"16":3,"17":3,"18":9,"19":19,"20":6,"21":1,"22":5,"23":5,"24":5,"25":17,"26":17,"27":17,"28":17,"29":9,"30":17,"31":17,"32":17,"33":17,"34":17,"35":5,"36":4,"37":4,"38":9,"39":17,"40":8,"41":5,"42":0,"43":0,"44":19,"45":17,"46":17,"47":19,"48":2,"49":19,"50":10,"51":9,"52":3,"53":6},"f":{"0":19,"1":8,"2":10,"3":6,"4":17,"5":4,"6":9,"7":17,"8":8,"9":17,"10":2},"b":{"0":[3,3],"1":[1,5],"2":[9,8],"3":[17,0],"4":[17,0],"5":[17,0],"6":[17,0],"7":[10,9],"8":[3,6]},"meta":{"lastBranch":9,"lastFunction":11,"lastStatement":54,"seen":{"s:6:37:128:Infinity":0,"f:6:37:6:43":0,"s:7:32:7:Infinity":1,"s:8:32:8:Infinity":2,"s:9:24:9:Infinity":3,"s:11:2:13:Infinity":4,"f:11:12:11:18":1,"s:12:4:12:Infinity":5,"s:15:31:36:Infinity":6,"f:15:31:15:43":2,"s:16:4:35:Infinity":7,"s:17:6:17:Infinity":8,"s:18:6:18:Infinity":9,"s:20:6:20:Infinity":10,"s:22:24:22:Infinity":11,"s:23:6:23:Infinity":12,"s:25:28:25:Infinity":13,"s:27:6:27:Infinity":14,"s:28:6:28:Infinity":15,"s:31:6:31:Infinity":16,"s:32:6:32:Infinity":17,"b:32:15:32:48:32:48:32:86":0,"s:34:6:34:Infinity":18,"s:38:40:92:Infinity":19,"f:38:40:38:41":3,"b:39:4:41:Infinity:undefined:undefined:undefined:undefined":1,"s:39:4:41:Infinity":20,"s:40:6:40:Infinity":21,"s:43:4:91:Infinity":22,"s:45:26:45:Infinity":23,"s:47:6:69:Infinity":24,"f:47:24:47:33":4,"s:48:21:48:Infinity":25,"s:49:25:49:Infinity":26,"s:50:26:50:Infinity":27,"b:52:8:58:Infinity:undefined:undefined:undefined:undefined":2,"s:52:8:58:Infinity":28,"s:53:10:57:Infinity":29,"s:61:8:61:Infinity":30,"b:61:50:61:68:61:68:61:Infinity":3,"s:64:31:64:Infinity":31,"b:64:31:64:55:64:55:64:Infinity":4,"b:65:8:67:Infinity:undefined:undefined:undefined:undefined":5,"s:65:8:67:Infinity":32,"s:66:10:66:Infinity":33,"s:68:8:68:Infinity":34,"b:68:61:68:79:68:79:68:Infinity":6,"s:72:21:84:Infinity":35,"f:73:14:73:15":5,"s:74:25:74:Infinity":36,"s:75:10:75:Infinity":37,"f:77:13:77:27":6,"s:77:27:84:10":38,"f:81:17:81:18":7,"s:81:40:81:93":39,"f:82:18:82:19":8,"s:82:28:82:51":40,"s:86:6:86:Infinity":41,"s:89:6:89:Infinity":42,"s:90:6:90:Infinity":43,"s:94:23:97:Infinity":44,"f:94:23:94:24":9,"s:95:19:95:Infinity":45,"s:96:4:96:Infinity":46,"s:99:22:101:Infinity":47,"f:99:22:99:28":10,"s:100:4:100:Infinity":48,"b:103:2:112:Infinity:undefined:undefined:undefined:undefined":7,"s:103:2:112:Infinity":49,"s:104:4:110:Infinity":50,"b:114:2:125:Infinity:undefined:undefined:undefined:undefined":8,"s:114:2:125:Infinity":51,"s:115:4:123:Infinity":52,"s:127:2:127:Infinity":53}}}
,"/Users/Paula/Desktop/stockee/stockee-front/src/components/inputLog/InputLog.css": {"path":"/Users/Paula/Desktop/stockee/stockee-front/src/components/inputLog/InputLog.css","statementMap":{},"fnMap":{},"branchMap":{},"s":{},"f":{},"b":{},"meta":{"lastBranch":0,"lastFunction":0,"lastStatement":0,"seen":{}}}
,"/Users/Paula/Desktop/stockee/stockee-front/src/components/inputLog/InputLog.jsx": {"path":"/Users/Paula/Desktop/stockee/stockee-front/src/components/inputLog/InputLog.jsx","statementMap":{"0":{"start":{"line":5,"column":17},"end":{"line":76,"column":null}},"1":{"start":{"line":20,"column":38},"end":{"line":20,"column":null}},"2":{"start":{"line":21,"column":32},"end":{"line":21,"column":null}},"3":{"start":{"line":23,"column":20},"end":{"line":23,"column":null}},"4":{"start":{"line":25,"column":31},"end":{"line":27,"column":null}},"5":{"start":{"line":26,"column":4},"end":{"line":26,"column":null}},"6":{"start":{"line":29,"column":2},"end":{"line":74,"column":null}},"7":{"start":{"line":54,"column":25},"end":{"line":54,"column":null}},"8":{"start":{"line":55,"column":24},"end":{"line":55,"column":null}}},"fnMap":{"0":{"name":"(anonymous_0)","decl":{"start":{"line":5,"column":17},"end":{"line":5,"column":18}},"loc":{"start":{"line":19,"column":6},"end":{"line":76,"column":null}},"line":19},"1":{"name":"(anonymous_1)","decl":{"start":{"line":25,"column":31},"end":{"line":25,"column":37}},"loc":{"start":{"line":25,"column":37},"end":{"line":27,"column":null}},"line":25},"2":{"name":"(anonymous_2)","decl":{"start":{"line":54,"column":19},"end":{"line":54,"column":25}},"loc":{"start":{"line":54,"column":25},"end":{"line":54,"column":null}},"line":54},"3":{"name":"(anonymous_3)","decl":{"start":{"line":55,"column":18},"end":{"line":55,"column":24}},"loc":{"start":{"line":55,"column":24},"end":{"line":55,"column":null}},"line":55}},"branchMap":{"0":{"loc":{"start":{"line":7,"column":2},"end":{"line":7,"column":null}},"type":"default-arg","locations":[{"start":{"line":7,"column":9},"end":{"line":7,"column":null}}],"line":7},"1":{"loc":{"start":{"line":14,"column":2},"end":{"line":14,"column":null}},"type":"default-arg","locations":[{"start":{"line":14,"column":13},"end":{"line":14,"column":null}}],"line":14},"2":{"loc":{"start":{"line":15,"column":2},"end":{"line":15,"column":null}},"type":"default-arg","locations":[{"start":{"line":15,"column":13},"end":{"line":15,"column":null}}],"line":15},"3":{"loc":{"start":{"line":16,"column":2},"end":{"line":16,"column":null}},"type":"default-arg","locations":[{"start":{"line":16,"column":14},"end":{"line":16,"column":null}}],"line":16},"4":{"loc":{"start":{"line":17,"column":2},"end":{"line":17,"column":null}},"type":"default-arg","locations":[{"start":{"line":17,"column":23},"end":{"line":17,"column":null}}],"line":17},"5":{"loc":{"start":{"line":23,"column":20},"end":{"line":23,"column":null}},"type":"cond-expr","locations":[{"start":{"line":23,"column":57},"end":{"line":23,"column":66}},{"start":{"line":23,"column":66},"end":{"line":23,"column":null}}],"line":23},"6":{"loc":{"start":{"line":23,"column":20},"end":{"line":23,"column":57}},"type":"binary-expr","locations":[{"start":{"line":23,"column":20},"end":{"line":23,"column":42}},{"start":{"line":23,"column":42},"end":{"line":23,"column":57}}],"line":23},"7":{"loc":{"start":{"line":31,"column":7},"end":{"line":37,"column":null}},"type":"binary-expr","locations":[{"start":{"line":31,"column":7},"end":{"line":31,"column":null}},{"start":{"line":32,"column":8},"end":{"line":37,"column":null}}],"line":31},"8":{"loc":{"start":{"line":33,"column":36},"end":{"line":33,"column":62}},"type":"cond-expr","locations":[{"start":{"line":33,"column":47},"end":{"line":33,"column":60}},{"start":{"line":33,"column":60},"end":{"line":33,"column":62}}],"line":33},"9":{"loc":{"start":{"line":40,"column":39},"end":{"line":40,"column":59}},"type":"cond-expr","locations":[{"start":{"line":40,"column":47},"end":{"line":40,"column":57}},{"start":{"line":40,"column":57},"end":{"line":40,"column":59}}],"line":40},"10":{"loc":{"start":{"line":40,"column":63},"end":{"line":40,"column":89}},"type":"cond-expr","locations":[{"start":{"line":40,"column":74},"end":{"line":40,"column":87}},{"start":{"line":40,"column":87},"end":{"line":40,"column":89}}],"line":40},"11":{"loc":{"start":{"line":41,"column":9},"end":{"line":42,"column":null}},"type":"binary-expr","locations":[{"start":{"line":41,"column":9},"end":{"line":41,"column":null}},{"start":{"line":42,"column":10},"end":{"line":42,"column":null}}],"line":41},"12":{"loc":{"start":{"line":53,"column":36},"end":{"line":53,"column":63}},"type":"cond-expr","locations":[{"start":{"line":53,"column":43},"end":{"line":53,"column":61}},{"start":{"line":53,"column":61},"end":{"line":53,"column":63}}],"line":53},"13":{"loc":{"start":{"line":53,"column":67},"end":{"line":53,"column":109}},"type":"cond-expr","locations":[{"start":{"line":53,"column":88},"end":{"line":53,"column":107}},{"start":{"line":53,"column":107},"end":{"line":53,"column":109}}],"line":53},"14":{"loc":{"start":{"line":59,"column":9},"end":{"line":67,"column":null}},"type":"binary-expr","locations":[{"start":{"line":59,"column":9},"end":{"line":59,"column":null}},{"start":{"line":60,"column":10},"end":{"line":67,"column":null}}],"line":59},"15":{"loc":{"start":{"line":66,"column":13},"end":{"line":66,"column":null}},"type":"cond-expr","locations":[{"start":{"line":66,"column":28},"end":{"line":66,"column":51}},{"start":{"line":66,"column":51},"end":{"line":66,"column":null}}],"line":66},"16":{"loc":{"start":{"line":71,"column":7},"end":{"line":72,"column":null}},"type":"binary-expr","locations":[{"start":{"line":71,"column":7},"end":{"line":71,"column":null}},{"start":{"line":72,"column":8},"end":{"line":72,"column":null}}],"line":71}},"s":{"0":3,"1":917,"2":917,"3":917,"4":917,"5":0,"6":917,"7":42,"8":40},"f":{"0":917,"1":0,"2":42,"3":40},"b":{"0":[917],"1":[917],"2":[917],"3":[917],"4":[917],"5":[0,917],"6":[917,279],"7":[917,917],"8":[917,0],"9":[2,915],"10":[20,897],"11":[917,559],"12":[559,358],"13":[279,638],"14":[917,279],"15":[0,279],"16":[917,2]},"meta":{"lastBranch":17,"lastFunction":4,"lastStatement":9,"seen":{"s:5:17:76:Infinity":0,"f:5:17:5:18":0,"b:7:9:7:Infinity":0,"b:14:13:14:Infinity":1,"b:15:13:15:Infinity":2,"b:16:14:16:Infinity":3,"b:17:23:17:Infinity":4,"s:20:38:20:Infinity":1,"s:21:32:21:Infinity":2,"s:23:20:23:Infinity":3,"b:23:57:23:66:23:66:23:Infinity":5,"b:23:20:23:42:23:42:23:57":6,"s:25:31:27:Infinity":4,"f:25:31:25:37":1,"s:26:4:26:Infinity":5,"s:29:2:74:Infinity":6,"b:31:7:31:Infinity:32:8:37:Infinity":7,"b:33:47:33:60:33:60:33:62":8,"b:40:47:40:57:40:57:40:59":9,"b:40:74:40:87:40:87:40:89":10,"b:41:9:41:Infinity:42:10:42:Infinity":11,"b:53:43:53:61:53:61:53:63":12,"b:53:88:53:107:53:107:53:109":13,"f:54:19:54:25":2,"s:54:25:54:Infinity":7,"f:55:18:55:24":3,"s:55:24:55:Infinity":8,"b:59:9:59:Infinity:60:10:67:Infinity":14,"b:66:28:66:51:66:51:66:Infinity":15,"b:71:7:71:Infinity:72:8:72:Infinity":16}}}
,"/Users/Paula/Desktop/stockee/stockee-front/src/components/inputSelect/inputSelect.css": {"path":"/Users/Paula/Desktop/stockee/stockee-front/src/components/inputSelect/inputSelect.css","statementMap":{},"fnMap":{},"branchMap":{},"s":{},"f":{},"b":{},"meta":{"lastBranch":0,"lastFunction":0,"lastStatement":0,"seen":{}}}
,"/Users/Paula/Desktop/stockee/stockee-front/src/components/inputSelect/inputSelect.jsx": {"path":"/Users/Paula/Desktop/stockee/stockee-front/src/components/inputSelect/inputSelect.jsx","statementMap":{"0":{"start":{"line":4,"column":20},"end":{"line":42,"column":null}},"1":{"start":{"line":15,"column":4},"end":{"line":40,"column":null}}},"fnMap":{"0":{"name":"(anonymous_0)","decl":{"start":{"line":4,"column":20},"end":{"line":4,"column":21}},"loc":{"start":{"line":14,"column":6},"end":{"line":42,"column":null}},"line":14}},"branchMap":{"0":{"loc":{"start":{"line":8,"column":4},"end":{"line":8,"column":null}},"type":"default-arg","locations":[{"start":{"line":8,"column":15},"end":{"line":8,"column":null}}],"line":8},"1":{"loc":{"start":{"line":9,"column":4},"end":{"line":9,"column":null}},"type":"default-arg","locations":[{"start":{"line":9,"column":15},"end":{"line":9,"column":null}}],"line":9},"2":{"loc":{"start":{"line":11,"column":4},"end":{"line":11,"column":null}},"type":"default-arg","locations":[{"start":{"line":11,"column":16},"end":{"line":11,"column":null}}],"line":11},"3":{"loc":{"start":{"line":17,"column":13},"end":{"line":20,"column":null}},"type":"binary-expr","locations":[{"start":{"line":17,"column":13},"end":{"line":17,"column":null}},{"start":{"line":18,"column":16},"end":{"line":20,"column":null}}],"line":17},"4":{"loc":{"start":{"line":18,"column":46},"end":{"line":18,"column":72}},"type":"cond-expr","locations":[{"start":{"line":18,"column":57},"end":{"line":18,"column":70}},{"start":{"line":18,"column":70},"end":{"line":18,"column":72}}],"line":18},"5":{"loc":{"start":{"line":23,"column":42},"end":{"line":23,"column":62}},"type":"cond-expr","locations":[{"start":{"line":23,"column":50},"end":{"line":23,"column":60}},{"start":{"line":23,"column":60},"end":{"line":23,"column":62}}],"line":23},"6":{"loc":{"start":{"line":23,"column":66},"end":{"line":23,"column":92}},"type":"cond-expr","locations":[{"start":{"line":23,"column":77},"end":{"line":23,"column":90}},{"start":{"line":23,"column":90},"end":{"line":23,"column":92}}],"line":23},"7":{"loc":{"start":{"line":37,"column":13},"end":{"line":38,"column":null}},"type":"binary-expr","locations":[{"start":{"line":37,"column":13},"end":{"line":37,"column":null}},{"start":{"line":38,"column":16},"end":{"line":38,"column":null}}],"line":37}},"s":{"0":1,"1":200},"f":{"0":200},"b":{"0":[200],"1":[200],"2":[200],"3":[200,100],"4":[0,100],"5":[0,200],"6":[12,188],"7":[200,0]},"meta":{"lastBranch":8,"lastFunction":1,"lastStatement":2,"seen":{"s:4:20:42:Infinity":0,"f:4:20:4:21":0,"b:8:15:8:Infinity":0,"b:9:15:9:Infinity":1,"b:11:16:11:Infinity":2,"s:15:4:40:Infinity":1,"b:17:13:17:Infinity:18:16:20:Infinity":3,"b:18:57:18:70:18:70:18:72":4,"b:23:50:23:60:23:60:23:62":5,"b:23:77:23:90:23:90:23:92":6,"b:37:13:37:Infinity:38:16:38:Infinity":7}}}
,"/Users/Paula/Desktop/stockee/stockee-front/src/components/loginForm/LoginForm.css": {"path":"/Users/Paula/Desktop/stockee/stockee-front/src/components/loginForm/LoginForm.css","statementMap":{},"fnMap":{},"branchMap":{},"s":{},"f":{},"b":{},"meta":{"lastBranch":0,"lastFunction":0,"lastStatement":0,"seen":{}}}
,"/Users/Paula/Desktop/stockee/stockee-front/src/components/loginForm/LoginForm.jsx": {"path":"/Users/Paula/Desktop/stockee/stockee-front/src/components/loginForm/LoginForm.jsx","statementMap":{"0":{"start":{"line":12,"column":18},"end":{"line":161,"column":null}},"1":{"start":{"line":13,"column":30},"end":{"line":16,"column":null}},"2":{"start":{"line":17,"column":26},"end":{"line":17,"column":null}},"3":{"start":{"line":18,"column":32},"end":{"line":18,"column":null}},"4":{"start":{"line":20,"column":23},"end":{"line":32,"column":null}},"5":{"start":{"line":20,"column":34},"end":{"line":32,"column":null}},"6":{"start":{"line":21,"column":4},"end":{"line":24,"column":null}},"7":{"start":{"line":21,"column":25},"end":{"line":24,"column":6}},"8":{"start":{"line":26,"column":4},"end":{"line":31,"column":null}},"9":{"start":{"line":27,"column":6},"end":{"line":30,"column":null}},"10":{"start":{"line":27,"column":25},"end":{"line":30,"column":8}},"11":{"start":{"line":34,"column":23},"end":{"line":51,"column":null}},"12":{"start":{"line":35,"column":22},"end":{"line":35,"column":null}},"13":{"start":{"line":37,"column":4},"end":{"line":41,"column":null}},"14":{"start":{"line":38,"column":6},"end":{"line":38,"column":null}},"15":{"start":{"line":39,"column":4},"end":{"line":41,"column":null}},"16":{"start":{"line":40,"column":6},"end":{"line":40,"column":null}},"17":{"start":{"line":43,"column":4},"end":{"line":47,"column":null}},"18":{"start":{"line":44,"column":6},"end":{"line":44,"column":null}},"19":{"start":{"line":45,"column":4},"end":{"line":47,"column":null}},"20":{"start":{"line":46,"column":6},"end":{"line":46,"column":null}},"21":{"start":{"line":49,"column":4},"end":{"line":49,"column":null}},"22":{"start":{"line":50,"column":4},"end":{"line":50,"column":null}},"23":{"start":{"line":53,"column":23},"end":{"line":81,"column":null}},"24":{"start":{"line":54,"column":4},"end":{"line":54,"column":null}},"25":{"start":{"line":55,"column":4},"end":{"line":55,"column":null}},"26":{"start":{"line":55,"column":25},"end":{"line":55,"column":null}},"27":{"start":{"line":57,"column":4},"end":{"line":57,"column":null}},"28":{"start":{"line":58,"column":4},"end":{"line":58,"column":null}},"29":{"start":{"line":60,"column":4},"end":{"line":80,"column":null}},"30":{"start":{"line":61,"column":6},"end":{"line":61,"column":null}},"31":{"start":{"line":63,"column":19},"end":{"line":63,"column":null}},"32":{"start":{"line":65,"column":6},"end":{"line":67,"column":null}},"33":{"start":{"line":66,"column":8},"end":{"line":66,"column":null}},"34":{"start":{"line":69,"column":6},"end":{"line":71,"column":null}},"35":{"start":{"line":70,"column":8},"end":{"line":70,"column":null}},"36":{"start":{"line":74,"column":6},"end":{"line":74,"column":null}},"37":{"start":{"line":75,"column":6},"end":{"line":77,"column":null}},"38":{"start":{"line":79,"column":6},"end":{"line":79,"column":null}},"39":{"start":{"line":83,"column":2},"end":{"line":159,"column":null}}},"fnMap":{"0":{"name":"(anonymous_0)","decl":{"start":{"line":12,"column":18},"end":{"line":12,"column":19}},"loc":{"start":{"line":12,"column":51},"end":{"line":161,"column":null}},"line":12},"1":{"name":"(anonymous_1)","decl":{"start":{"line":20,"column":23},"end":{"line":20,"column":24}},"loc":{"start":{"line":20,"column":34},"end":{"line":32,"column":null}},"line":20},"2":{"name":"(anonymous_2)","decl":{"start":{"line":20,"column":34},"end":{"line":20,"column":35}},"loc":{"start":{"line":20,"column":41},"end":{"line":32,"column":null}},"line":20},"3":{"name":"(anonymous_3)","decl":{"start":{"line":21,"column":16},"end":{"line":21,"column":25}},"loc":{"start":{"line":21,"column":25},"end":{"line":24,"column":6}},"line":21},"4":{"name":"(anonymous_4)","decl":{"start":{"line":27,"column":16},"end":{"line":27,"column":25}},"loc":{"start":{"line":27,"column":25},"end":{"line":30,"column":8}},"line":27},"5":{"name":"(anonymous_5)","decl":{"start":{"line":34,"column":23},"end":{"line":34,"column":29}},"loc":{"start":{"line":34,"column":29},"end":{"line":51,"column":null}},"line":34},"6":{"name":"(anonymous_6)","decl":{"start":{"line":53,"column":23},"end":{"line":53,"column":30}},"loc":{"start":{"line":53,"column":36},"end":{"line":81,"column":null}},"line":53}},"branchMap":{"0":{"loc":{"start":{"line":26,"column":4},"end":{"line":31,"column":null}},"type":"if","locations":[{"start":{"line":26,"column":4},"end":{"line":31,"column":null}},{"start":{},"end":{}}],"line":26},"1":{"loc":{"start":{"line":37,"column":4},"end":{"line":41,"column":null}},"type":"if","locations":[{"start":{"line":37,"column":4},"end":{"line":41,"column":null}},{"start":{"line":39,"column":4},"end":{"line":41,"column":null}}],"line":37},"2":{"loc":{"start":{"line":39,"column":4},"end":{"line":41,"column":null}},"type":"if","locations":[{"start":{"line":39,"column":4},"end":{"line":41,"column":null}},{"start":{},"end":{}}],"line":39},"3":{"loc":{"start":{"line":43,"column":4},"end":{"line":47,"column":null}},"type":"if","locations":[{"start":{"line":43,"column":4},"end":{"line":47,"column":null}},{"start":{"line":45,"column":4},"end":{"line":47,"column":null}}],"line":43},"4":{"loc":{"start":{"line":45,"column":4},"end":{"line":47,"column":null}},"type":"if","locations":[{"start":{"line":45,"column":4},"end":{"line":47,"column":null}},{"start":{},"end":{}}],"line":45},"5":{"loc":{"start":{"line":55,"column":4},"end":{"line":55,"column":null}},"type":"if","locations":[{"start":{"line":55,"column":4},"end":{"line":55,"column":null}},{"start":{},"end":{}}],"line":55},"6":{"loc":{"start":{"line":65,"column":6},"end":{"line":67,"column":null}},"type":"if","locations":[{"start":{"line":65,"column":6},"end":{"line":67,"column":null}},{"start":{},"end":{}}],"line":65},"7":{"loc":{"start":{"line":65,"column":10},"end":{"line":65,"column":52}},"type":"binary-expr","locations":[{"start":{"line":65,"column":10},"end":{"line":65,"column":20}},{"start":{"line":65,"column":20},"end":{"line":65,"column":35}},{"start":{"line":65,"column":35},"end":{"line":65,"column":52}}],"line":65},"8":{"loc":{"start":{"line":69,"column":6},"end":{"line":71,"column":null}},"type":"if","locations":[{"start":{"line":69,"column":6},"end":{"line":71,"column":null}},{"start":{},"end":{}}],"line":69},"9":{"loc":{"start":{"line":76,"column":16},"end":{"line":76,"column":null}},"type":"binary-expr","locations":[{"start":{"line":76,"column":16},"end":{"line":76,"column":47}},{"start":{"line":76,"column":47},"end":{"line":76,"column":62}},{"start":{"line":76,"column":62},"end":{"line":76,"column":null}}],"line":76},"10":{"loc":{"start":{"line":128,"column":9},"end":{"line":131,"column":null}},"type":"binary-expr","locations":[{"start":{"line":128,"column":9},"end":{"line":128,"column":null}},{"start":{"line":129,"column":10},"end":{"line":131,"column":null}}],"line":128},"11":{"loc":{"start":{"line":144,"column":11},"end":{"line":144,"column":null}},"type":"cond-expr","locations":[{"start":{"line":144,"column":23},"end":{"line":144,"column":47}},{"start":{"line":144,"column":47},"end":{"line":144,"column":null}}],"line":144}},"s":{"0":1,"1":262,"2":262,"3":262,"4":262,"5":524,"6":236,"7":236,"8":236,"9":0,"10":0,"11":262,"12":8,"13":8,"14":0,"15":8,"16":0,"17":8,"18":0,"19":8,"20":1,"21":8,"22":8,"23":262,"24":8,"25":8,"26":1,"27":7,"28":7,"29":7,"30":7,"31":7,"32":4,"33":1,"34":3,"35":3,"36":4,"37":4,"38":7,"39":262},"f":{"0":262,"1":524,"2":236,"3":236,"4":0,"5":8,"6":8},"b":{"0":[0,236],"1":[0,8],"2":[0,8],"3":[0,8],"4":[1,7],"5":[1,7],"6":[1,3],"7":[4,3,0],"8":[3,0],"9":[4,3,0],"10":[262,3],"11":[7,255]},"meta":{"lastBranch":12,"lastFunction":7,"lastStatement":40,"seen":{"s:12:18:161:Infinity":0,"f:12:18:12:19":0,"s:13:30:16:Infinity":1,"s:17:26:17:Infinity":2,"s:18:32:18:Infinity":3,"s:20:23:32:Infinity":4,"f:20:23:20:24":1,"s:20:34:32:Infinity":5,"f:20:34:20:35":2,"s:21:4:24:Infinity":6,"f:21:16:21:25":3,"s:21:25:24:6":7,"b:26:4:31:Infinity:undefined:undefined:undefined:undefined":0,"s:26:4:31:Infinity":8,"s:27:6:30:Infinity":9,"f:27:16:27:25":4,"s:27:25:30:8":10,"s:34:23:51:Infinity":11,"f:34:23:34:29":5,"s:35:22:35:Infinity":12,"b:37:4:41:Infinity:39:4:41:Infinity":1,"s:37:4:41:Infinity":13,"s:38:6:38:Infinity":14,"b:39:4:41:Infinity:undefined:undefined:undefined:undefined":2,"s:39:4:41:Infinity":15,"s:40:6:40:Infinity":16,"b:43:4:47:Infinity:45:4:47:Infinity":3,"s:43:4:47:Infinity":17,"s:44:6:44:Infinity":18,"b:45:4:47:Infinity:undefined:undefined:undefined:undefined":4,"s:45:4:47:Infinity":19,"s:46:6:46:Infinity":20,"s:49:4:49:Infinity":21,"s:50:4:50:Infinity":22,"s:53:23:81:Infinity":23,"f:53:23:53:30":6,"s:54:4:54:Infinity":24,"b:55:4:55:Infinity:undefined:undefined:undefined:undefined":5,"s:55:4:55:Infinity":25,"s:55:25:55:Infinity":26,"s:57:4:57:Infinity":27,"s:58:4:58:Infinity":28,"s:60:4:80:Infinity":29,"s:61:6:61:Infinity":30,"s:63:19:63:Infinity":31,"b:65:6:67:Infinity:undefined:undefined:undefined:undefined":6,"s:65:6:67:Infinity":32,"b:65:10:65:20:65:20:65:35:65:35:65:52":7,"s:66:8:66:Infinity":33,"b:69:6:71:Infinity:undefined:undefined:undefined:undefined":8,"s:69:6:71:Infinity":34,"s:70:8:70:Infinity":35,"s:74:6:74:Infinity":36,"s:75:6:77:Infinity":37,"b:76:16:76:47:76:47:76:62:76:62:76:Infinity":9,"s:79:6:79:Infinity":38,"s:83:2:159:Infinity":39,"b:128:9:128:Infinity:129:10:131:Infinity":10,"b:144:23:144:47:144:47:144:Infinity":11}}}
,"/Users/Paula/Desktop/stockee/stockee-front/src/components/modal/Modal.css": {"path":"/Users/Paula/Desktop/stockee/stockee-front/src/components/modal/Modal.css","statementMap":{},"fnMap":{},"branchMap":{},"s":{},"f":{},"b":{},"meta":{"lastBranch":0,"lastFunction":0,"lastStatement":0,"seen":{}}}
,"/Users/Paula/Desktop/stockee/stockee-front/src/pages/DashboardPage.css": {"path":"/Users/Paula/Desktop/stockee/stockee-front/src/pages/DashboardPage.css","statementMap":{},"fnMap":{},"branchMap":{},"s":{},"f":{},"b":{},"meta":{"lastBranch":0,"lastFunction":0,"lastStatement":0,"seen":{}}}
,"/Users/Paula/Desktop/stockee/stockee-front/src/pages/DashboardPage.jsx": {"path":"/Users/Paula/Desktop/stockee/stockee-front/src/pages/DashboardPage.jsx","statementMap":{"0":{"start":{"line":10,"column":22},"end":{"line":49,"column":null}},"1":{"start":{"line":11,"column":38},"end":{"line":11,"column":null}},"2":{"start":{"line":13,"column":4},"end":{"line":47,"column":null}}},"fnMap":{"0":{"name":"(anonymous_0)","decl":{"start":{"line":10,"column":22},"end":{"line":10,"column":23}},"loc":{"start":{"line":10,"column":36},"end":{"line":49,"column":null}},"line":10}},"branchMap":{},"s":{"0":1,"1":7,"2":7},"f":{"0":7},"b":{},"meta":{"lastBranch":0,"lastFunction":1,"lastStatement":3,"seen":{"s:10:22:49:Infinity":0,"f:10:22:10:23":0,"s:11:38:11:Infinity":1,"s:13:4:47:Infinity":2}}}
,"/Users/Paula/Desktop/stockee/stockee-front/src/services/orderService.js": {"path":"/Users/Paula/Desktop/stockee/stockee-front/src/services/orderService.js","statementMap":{"0":{"start":{"line":3,"column":16},"end":{"line":3,"column":50}},"1":{"start":{"line":5,"column":23},"end":{"line":12,"column":1}},"2":{"start":{"line":6,"column":16},"end":{"line":6,"column":45}},"3":{"start":{"line":7,"column":2},"end":{"line":11,"column":null}},"4":{"start":{"line":15,"column":36},"end":{"line":35,"column":1}},"5":{"start":{"line":16,"column":2},"end":{"line":34,"column":null}},"6":{"start":{"line":17,"column":21},"end":{"line":17,"column":63}},"7":{"start":{"line":20,"column":4},"end":{"line":30,"column":null}},"8":{"start":{"line":20,"column":38},"end":{"line":30,"column":5}},"9":{"start":{"line":32,"column":4},"end":{"line":32,"column":null}},"10":{"start":{"line":33,"column":4},"end":{"line":33,"column":14}},"11":{"start":{"line":38,"column":27},"end":{"line":61,"column":1}},"12":{"start":{"line":39,"column":2},"end":{"line":60,"column":null}},"13":{"start":{"line":40,"column":8},"end":{"line":40,"column":null}},"14":{"start":{"line":42,"column":21},"end":{"line":48,"column":5}},"15":{"start":{"line":49,"column":8},"end":{"line":49,"column":null}},"16":{"start":{"line":51,"column":4},"end":{"line":56,"column":null}},"17":{"start":{"line":58,"column":4},"end":{"line":58,"column":null}},"18":{"start":{"line":59,"column":4},"end":{"line":59,"column":16}},"19":{"start":{"line":64,"column":31},"end":{"line":81,"column":1}},"20":{"start":{"line":65,"column":2},"end":{"line":80,"column":null}},"21":{"start":{"line":66,"column":21},"end":{"line":69,"column":5}},"22":{"start":{"line":71,"column":4},"end":{"line":76,"column":null}},"23":{"start":{"line":71,"column":39},"end":{"line":76,"column":5}},"24":{"start":{"line":78,"column":4},"end":{"line":78,"column":null}},"25":{"start":{"line":79,"column":4},"end":{"line":79,"column":null}}},"fnMap":{"0":{"name":"(anonymous_0)","decl":{"start":{"line":5,"column":23},"end":{"line":5,"column":24}},"loc":{"start":{"line":5,"column":29},"end":{"line":12,"column":1}},"line":5},"1":{"name":"(anonymous_1)","decl":{"start":{"line":15,"column":36},"end":{"line":15,"column":41}},"loc":{"start":{"line":15,"column":48},"end":{"line":35,"column":1}},"line":15},"2":{"name":"(anonymous_2)","decl":{"start":{"line":20,"column":29},"end":{"line":20,"column":33}},"loc":{"start":{"line":20,"column":38},"end":{"line":30,"column":5}},"line":20},"3":{"name":"(anonymous_3)","decl":{"start":{"line":38,"column":27},"end":{"line":38,"column":32}},"loc":{"start":{"line":38,"column":48},"end":{"line":61,"column":1}},"line":38},"4":{"name":"(anonymous_4)","decl":{"start":{"line":64,"column":31},"end":{"line":64,"column":36}},"loc":{"start":{"line":64,"column":53},"end":{"line":81,"column":1}},"line":64},"5":{"name":"(anonymous_5)","decl":{"start":{"line":71,"column":29},"end":{"line":71,"column":34}},"loc":{"start":{"line":71,"column":39},"end":{"line":76,"column":5}},"line":71}},"branchMap":{"0":{"loc":{"start":{"line":25,"column":38},"end":{"line":25,"column":67}},"type":"binary-expr","locations":[{"start":{"line":25,"column":38},"end":{"line":25,"column":62}},{"start":{"line":25,"column":66},"end":{"line":25,"column":67}}],"line":25},"1":{"loc":{"start":{"line":28,"column":16},"end":{"line":28,"column":41}},"type":"binary-expr","locations":[{"start":{"line":28,"column":16},"end":{"line":28,"column":29}},{"start":{"line":28,"column":33},"end":{"line":28,"column":41}}],"line":28},"2":{"loc":{"start":{"line":53,"column":15},"end":{"line":53,"column":57}},"type":"binary-expr","locations":[{"start":{"line":53,"column":15},"end":{"line":53,"column":32}},{"start":{"line":53,"column":36},"end":{"line":53,"column":57}}],"line":53},"3":{"loc":{"start":{"line":64,"column":38},"end":{"line":64,"column":48}},"type":"default-arg","locations":[{"start":{"line":64,"column":46},"end":{"line":64,"column":48}}],"line":64},"4":{"loc":{"start":{"line":74,"column":13},"end":{"line":74,"column":30}},"type":"binary-expr","locations":[{"start":{"line":74,"column":13},"end":{"line":74,"column":24}},{"start":{"line":74,"column":28},"end":{"line":74,"column":30}}],"line":74}},"s":{"0":1,"1":1,"2":18,"3":18,"4":1,"5":6,"6":6,"7":4,"8":5,"9":2,"10":2,"11":1,"12":7,"13":7,"14":7,"15":5,"16":5,"17":2,"18":2,"19":1,"20":5,"21":5,"22":4,"23":3,"24":1,"25":1},"f":{"0":18,"1":6,"2":5,"3":7,"4":5,"5":3},"b":{"0":[5,2],"1":[5,1],"2":[5,1],"3":[5],"4":[3,1]},"meta":{"lastBranch":5,"lastFunction":6,"lastStatement":26,"seen":{"s:3:16:3:50":0,"s:5:23:12:1":1,"f:5:23:5:24":0,"s:6:16:6:45":2,"s:7:2:11:Infinity":3,"s:15:36:35:1":4,"f:15:36:15:41":1,"s:16:2:34:Infinity":5,"s:17:21:17:63":6,"s:20:4:30:Infinity":7,"f:20:29:20:33":2,"s:20:38:30:5":8,"b:25:38:25:62:25:66:25:67":0,"b:28:16:28:29:28:33:28:41":1,"s:32:4:32:Infinity":9,"s:33:4:33:14":10,"s:38:27:61:1":11,"f:38:27:38:32":3,"s:39:2:60:Infinity":12,"s:40:8:40:Infinity":13,"s:42:21:48:5":14,"s:49:8:49:Infinity":15,"s:51:4:56:Infinity":16,"b:53:15:53:32:53:36:53:57":2,"s:58:4:58:Infinity":17,"s:59:4:59:16":18,"s:64:31:81:1":19,"f:64:31:64:36":4,"b:64:46:64:48":3,"s:65:2:80:Infinity":20,"s:66:21:69:5":21,"s:71:4:76:Infinity":22,"f:71:29:71:34":5,"s:71:39:76:5":23,"b:74:13:74:24:74:28:74:30":4,"s:78:4:78:Infinity":24,"s:79:4:79:Infinity":25}}}
}
